2024-03-23T04:15:37.174+09:00  INFO 52678 --- [main] c.t.s.StudyTimerProjectApplication       : Starting StudyTimerProjectApplication using Java 17.0.9 with PID 52678 (/Users/hyun/Desktop/study-timer-project/build/classes/java/main started by hyun in /Users/hyun/Desktop/study-timer-project)
2024-03-23T04:15:37.176+09:00  INFO 52678 --- [main] c.t.s.StudyTimerProjectApplication       : No active profile set, falling back to 1 default profile: "default"
2024-03-23T04:15:37.851+09:00  INFO 52678 --- [main] .s.d.r.c.RepositoryConfigurationDelegate : Bootstrapping Spring Data JPA repositories in DEFAULT mode.
2024-03-23T04:15:37.930+09:00  INFO 52678 --- [main] .s.d.r.c.RepositoryConfigurationDelegate : Finished Spring Data repository scanning in 72 ms. Found 5 JPA repository interfaces.
2024-03-23T04:15:38.428+09:00  INFO 52678 --- [main] o.s.b.w.embedded.tomcat.TomcatWebServer  : Tomcat initialized with port 8080 (http)
2024-03-23T04:15:38.447+09:00  INFO 52678 --- [main] o.apache.catalina.core.StandardService   : Starting service [Tomcat]
2024-03-23T04:15:38.447+09:00  INFO 52678 --- [main] o.apache.catalina.core.StandardEngine    : Starting Servlet engine: [Apache Tomcat/10.1.19]
2024-03-23T04:15:38.501+09:00  INFO 52678 --- [main] o.a.c.c.C.[Tomcat].[localhost].[/]       : Initializing Spring embedded WebApplicationContext
2024-03-23T04:15:38.519+09:00  INFO 52678 --- [main] w.s.c.ServletWebServerApplicationContext : Root WebApplicationContext: initialization completed in 1304 ms
2024-03-23T04:15:38.658+09:00  INFO 52678 --- [main] o.hibernate.jpa.internal.util.LogHelper  : HHH000204: Processing PersistenceUnitInfo [name: default]
2024-03-23T04:15:38.743+09:00  INFO 52678 --- [main] org.hibernate.Version                    : HHH000412: Hibernate ORM core version 6.4.4.Final
2024-03-23T04:15:38.783+09:00  INFO 52678 --- [main] o.h.c.internal.RegionFactoryInitiator    : HHH000026: Second-level cache disabled
2024-03-23T04:15:39.087+09:00  INFO 52678 --- [main] o.s.o.j.p.SpringPersistenceUnitInfo      : No LoadTimeWeaver setup: ignoring JPA class transformer
2024-03-23T04:15:39.114+09:00  INFO 52678 --- [main] com.zaxxer.hikari.HikariDataSource       : HikariPool-1 - Starting...
2024-03-23T04:15:39.391+09:00  INFO 52678 --- [main] com.zaxxer.hikari.pool.HikariPool        : HikariPool-1 - Added connection com.mysql.cj.jdbc.ConnectionImpl@18bb1b88
2024-03-23T04:15:39.394+09:00  INFO 52678 --- [main] com.zaxxer.hikari.HikariDataSource       : HikariPool-1 - Start completed.
2024-03-23T04:15:40.594+09:00  INFO 52678 --- [main] o.h.e.t.j.p.i.JtaPlatformInitiator       : HHH000489: No JTA platform available (set 'hibernate.transaction.jta.platform' to enable JTA platform integration)
2024-03-23T04:15:40.668+09:00  INFO 52678 --- [main] j.LocalContainerEntityManagerFactoryBean : Initialized JPA EntityManagerFactory for persistence unit 'default'
2024-03-23T04:15:41.079+09:00  WARN 52678 --- [main] JpaBaseConfiguration$JpaWebConfiguration : spring.jpa.open-in-view is enabled by default. Therefore, database queries may be performed during view rendering. Explicitly configure spring.jpa.open-in-view to disable this warning
2024-03-23T04:15:41.280+09:00  INFO 52678 --- [main] o.s.s.web.DefaultSecurityFilterChain     : Will secure any request with [org.springframework.security.web.session.DisableEncodeUrlFilter@78ca8258, org.springframework.security.web.context.request.async.WebAsyncManagerIntegrationFilter@4628f386, org.springframework.security.web.context.SecurityContextHolderFilter@20331c8e, org.springframework.security.web.header.HeaderWriterFilter@2e93f91d, org.springframework.web.filter.CorsFilter@38224635, org.springframework.security.web.authentication.logout.LogoutFilter@63024843, com.toyproject.studytimerproject.domain.user.security.JwtAuthorizationFilter@23e1f610, com.toyproject.studytimerproject.domain.user.security.JwtAuthenticationFilter@3533d790, org.springframework.security.web.savedrequest.RequestCacheAwareFilter@1b6e32ee, org.springframework.security.web.servletapi.SecurityContextHolderAwareRequestFilter@798d8247, org.springframework.security.web.authentication.AnonymousAuthenticationFilter@7385a72f, org.springframework.security.web.session.SessionManagementFilter@14a5d7ee, org.springframework.security.web.access.ExceptionTranslationFilter@7baea18b, org.springframework.security.web.access.intercept.AuthorizationFilter@628b9af5]
2024-03-23T04:15:41.541+09:00  INFO 52678 --- [main] o.s.b.w.embedded.tomcat.TomcatWebServer  : Tomcat started on port 8080 (http) with context path ''
2024-03-23T04:15:41.551+09:00  INFO 52678 --- [main] c.t.s.StudyTimerProjectApplication       : Started StudyTimerProjectApplication in 4.79 seconds (process running for 5.556)
2024-03-23T04:16:04.088+09:00  INFO 52678 --- [http-nio-8080-exec-2] o.a.c.c.C.[Tomcat].[localhost].[/]       : Initializing Spring DispatcherServlet 'dispatcherServlet'
2024-03-23T04:16:04.089+09:00  INFO 52678 --- [http-nio-8080-exec-2] o.s.web.servlet.DispatcherServlet        : Initializing Servlet 'dispatcherServlet'
2024-03-23T04:16:04.090+09:00  INFO 52678 --- [http-nio-8080-exec-2] o.s.web.servlet.DispatcherServlet        : Completed initialization in 1 ms
2024-03-23T04:16:24.995+09:00  INFO 52678 --- [SpringApplicationShutdownHook] j.LocalContainerEntityManagerFactoryBean : Closing JPA EntityManagerFactory for persistence unit 'default'
2024-03-23T04:16:24.997+09:00  INFO 52678 --- [SpringApplicationShutdownHook] com.zaxxer.hikari.HikariDataSource       : HikariPool-1 - Shutdown initiated...
2024-03-23T04:16:25.005+09:00  INFO 52678 --- [SpringApplicationShutdownHook] com.zaxxer.hikari.HikariDataSource       : HikariPool-1 - Shutdown completed.
